<?xml version="1.0" encoding="UTF-8"?>
<testsuite xmlns:xsi="http://www.w3.org/2001/XMLSchema-instance" xsi:noNamespaceSchemaLocation="https://maven.apache.org/surefire/maven-surefire-plugin/xsd/surefire-test-report.xsd" name="it.unipd.mtss.AppTest" time="0.115" tests="2" errors="2" skipped="0" failures="0">
  <properties>
    <property name="sun.desktop" value="windows"/>
    <property name="awt.toolkit" value="sun.awt.windows.WToolkit"/>
    <property name="file.encoding.pkg" value="sun.io"/>
    <property name="java.specification.version" value="1.8"/>
    <property name="sun.cpu.isalist" value="amd64"/>
    <property name="sun.jnu.encoding" value="Cp1252"/>
    <property name="java.class.path" value="C:\Users\Giulia\Desktop\MTSS\MTSS-prova2\roman-number\target\test-classes;C:\Users\Giulia\Desktop\MTSS\MTSS-prova2\roman-number\target\classes;C:\Users\Giulia\.m2\repository\junit\junit\4.12\junit-4.12.jar;C:\Users\Giulia\.m2\repository\org\hamcrest\hamcrest-core\1.3\hamcrest-core-1.3.jar;"/>
    <property name="java.vm.vendor" value="Temurin"/>
    <property name="sun.arch.data.model" value="64"/>
    <property name="user.variant" value=""/>
    <property name="java.vendor.url" value="https://adoptium.net/"/>
    <property name="mvnd.terminalWidth" value="120"/>
    <property name="user.timezone" value="Europe/Berlin"/>
    <property name="java.vm.specification.version" value="1.8"/>
    <property name="os.name" value="Windows 11"/>
    <property name="user.country" value="IT"/>
    <property name="sun.java.launcher" value="SUN_STANDARD"/>
    <property name="sun.boot.library.path" value="C:\Users\Giulia\Desktop\MTSS\temurin-8\jre\bin"/>
    <property name="sun.java.command" value="C:\Users\Giulia\AppData\Local\Temp\surefire6796308388303114339\surefirebooter2816271505610856686.jar C:\Users\Giulia\AppData\Local\Temp\surefire6796308388303114339 2025-05-06T10-12-30_244-jvmRun1 surefire2914740211750610800tmp surefire_02333843782054265367tmp"/>
    <property name="surefire.test.class.path" value="C:\Users\Giulia\Desktop\MTSS\MTSS-prova2\roman-number\target\test-classes;C:\Users\Giulia\Desktop\MTSS\MTSS-prova2\roman-number\target\classes;C:\Users\Giulia\.m2\repository\junit\junit\4.12\junit-4.12.jar;C:\Users\Giulia\.m2\repository\org\hamcrest\hamcrest-core\1.3\hamcrest-core-1.3.jar;"/>
    <property name="sun.cpu.endian" value="little"/>
    <property name="user.home" value="C:\Users\Giulia"/>
    <property name="user.language" value="it"/>
    <property name="java.specification.vendor" value="Oracle Corporation"/>
    <property name="java.home" value="C:\Users\Giulia\Desktop\MTSS\temurin-8\jre"/>
    <property name="basedir" value="C:\Users\Giulia\Desktop\MTSS\MTSS-prova2\roman-number"/>
    <property name="style.color" value="always"/>
    <property name="file.separator" value="\"/>
    <property name="line.separator" value="&#10;"/>
    <property name="java.vm.specification.vendor" value="Oracle Corporation"/>
    <property name="java.specification.name" value="Java Platform API Specification"/>
    <property name="java.awt.graphicsenv" value="sun.awt.Win32GraphicsEnvironment"/>
    <property name="surefire.real.class.path" value="C:\Users\Giulia\AppData\Local\Temp\surefire6796308388303114339\surefirebooter2816271505610856686.jar;C:\\Users\\Giulia\\.m2\\repository\\org\\jacoco\\org.jacoco.agent\\0.8.7\\org.jacoco.agent-0.8.7-runtime.jar"/>
    <property name="sun.boot.class.path" value="C:\Users\Giulia\Desktop\MTSS\temurin-8\jre\lib\resources.jar;C:\Users\Giulia\Desktop\MTSS\temurin-8\jre\lib\rt.jar;C:\Users\Giulia\Desktop\MTSS\temurin-8\jre\lib\sunrsasign.jar;C:\Users\Giulia\Desktop\MTSS\temurin-8\jre\lib\jsse.jar;C:\Users\Giulia\Desktop\MTSS\temurin-8\jre\lib\jce.jar;C:\Users\Giulia\Desktop\MTSS\temurin-8\jre\lib\charsets.jar;C:\Users\Giulia\Desktop\MTSS\temurin-8\jre\lib\jfr.jar;C:\Users\Giulia\Desktop\MTSS\temurin-8\jre\classes"/>
    <property name="user.script" value=""/>
    <property name="sun.management.compiler" value="HotSpot 64-Bit Tiered Compilers"/>
    <property name="java.runtime.version" value="1.8.0_452-b09"/>
    <property name="user.name" value="Giulia"/>
    <property name="path.separator" value=";"/>
    <property name="os.version" value="10.0"/>
    <property name="java.endorsed.dirs" value="C:\Users\Giulia\Desktop\MTSS\temurin-8\jre\lib\endorsed"/>
    <property name="java.runtime.name" value="OpenJDK Runtime Environment"/>
    <property name="file.encoding" value="Cp1252"/>
    <property name="java.vm.name" value="OpenJDK 64-Bit Server VM"/>
    <property name="localRepository" value="C:\Users\Giulia\.m2\repository"/>
    <property name="java.vendor.url.bug" value="https://github.com/adoptium/adoptium-support/issues"/>
    <property name="java.io.tmpdir" value="C:\Users\Giulia\AppData\Local\Temp\"/>
    <property name="java.version" value="1.8.0_452"/>
    <property name="user.dir" value="C:\Users\Giulia\Desktop\MTSS\MTSS-prova2\roman-number"/>
    <property name="os.arch" value="amd64"/>
    <property name="maven.multiModuleProjectDirectory" value="C:\Users\Giulia\Desktop\MTSS\MTSS-prova2\roman-number"/>
    <property name="java.vm.specification.name" value="Java Virtual Machine Specification"/>
    <property name="java.awt.printerjob" value="sun.awt.windows.WPrinterJob"/>
    <property name="sun.os.patch.level" value=""/>
    <property name="java.library.path" value="C:\Users\Giulia\Desktop\MTSS\temurin-8\jre\bin;C:\WINDOWS\Sun\Java\bin;C:\WINDOWS\system32;C:\WINDOWS;C:\Users\Giulia\Desktop\MTSS\temurin-8\bin;C:\Users\tuo-nome\Desktop\MTSS\temurin-8\bin;C:\Users\Giulia\AppData\Local\Programs\Git\cmd;C:\Program Files\Common Files\Oracle\Java\javapath;C:\WINDOWS\system32;C:\WINDOWS;C:\WINDOWS\System32\Wbem;C:\WINDOWS\System32\WindowsPowerShell\v1.0\;C:\WINDOWS\System32\OpenSSH\;C:\Users\Giulia\AppData\Local\Programs\Python\Python312\Scripts\;C:\Users\Giulia\AppData\Local\Programs\Python\Python312\;C:\Users\Giulia\AppData\Local\Microsoft\WindowsApps;C:\Users\Giulia\AppData\Local\Programs\Git\cmd;C:\Users\Giulia\Documents\maven-mvnd-1.0.2-windows-amd64\bin;C:\Program Files\Java\jdk-24\bin;;."/>
    <property name="java.vm.info" value="mixed mode"/>
    <property name="java.vendor" value="Temurin"/>
    <property name="java.vm.version" value="25.452-b09"/>
    <property name="java.specification.maintenance.version" value="6"/>
    <property name="java.ext.dirs" value="C:\Users\Giulia\Desktop\MTSS\temurin-8\jre\lib\ext;C:\WINDOWS\Sun\Java\lib\ext"/>
    <property name="sun.io.unicode.encoding" value="UnicodeLittle"/>
    <property name="java.class.version" value="52.0"/>
  </properties>
  <testcase name="initializationError" classname="it.unipd.mtss.AppTest" time="0.011">
    <error message="Method testComplexCombinations() should be public" type="java.lang.Exception">java.lang.Exception: Method testComplexCombinations() should be public
</error>
  </testcase>
  <testcase name="initializationError" classname="it.unipd.mtss.AppTest" time="0">
    <error message="Method testSingleCharacters() should be public" type="java.lang.Exception">java.lang.Exception: Method testSingleCharacters() should be public
</error>
  </testcase>
</testsuite>